5079101544
begin
http://weibo.cn/5079101544?filter=1&page=
http://weibo.cn/5079101544?filter=1&page=1
http://weibo.cn/5079101544?filter=1&page=2
http://weibo.cn/5079101544?filter=1&page=3
http://weibo.cn/5079101544?filter=1&page=4
http://weibo.cn/5079101544?filter=1&page=5
http://weibo.cn/5079101544?filter=1&page=6
http://weibo.cn/5079101544?filter=1&page=7
http://weibo.cn/5079101544?filter=1&page=8
http://weibo.cn/5079101544?filter=1&page=9
http://weibo.cn/5079101544?filter=1&page=10
http://weibo.cn/5079101544?filter=1&page=11
http://weibo.cn/5079101544?filter=1&page=12
http://weibo.cn/5079101544?filter=1&page=13
http://weibo.cn/5079101544?filter=1&page=14
http://weibo.cn/5079101544?filter=1&page=15
http://weibo.cn/5079101544?filter=1&page=16
http://weibo.cn/5079101544?filter=1&page=17
http://weibo.cn/5079101544?filter=1&page=18
http://weibo.cn/5079101544?filter=1&page=19
http://weibo.cn/5079101544?filter=1&page=20
http://weibo.cn/5079101544?filter=1&page=21
http://weibo.cn/5079101544?filter=1&page=22
http://weibo.cn/5079101544?filter=1&page=23
http://weibo.cn/5079101544?filter=1&page=24
http://weibo.cn/5079101544?filter=1&page=25
http://weibo.cn/5079101544?filter=1&page=26
http://weibo.cn/5079101544?filter=1&page=27
http://weibo.cn/5079101544?filter=1&page=28
http://weibo.cn/5079101544?filter=1&page=29
http://weibo.cn/5079101544?filter=1&page=30
http://weibo.cn/5079101544?filter=1&page=31
http://weibo.cn/5079101544?filter=1&page=32
http://weibo.cn/5079101544?filter=1&page=33
http://weibo.cn/5079101544?filter=1&page=34
http://weibo.cn/5079101544?filter=1&page=35
http://weibo.cn/5079101544?filter=1&page=36
http://weibo.cn/5079101544?filter=1&page=37
http://weibo.cn/5079101544?filter=1&page=38
http://weibo.cn/5079101544?filter=1&page=39
http://weibo.cn/5079101544?filter=1&page=40
http://weibo.cn/5079101544?filter=1&page=41
http://weibo.cn/5079101544?filter=1&page=42
http://weibo.cn/5079101544?filter=1&page=43
http://weibo.cn/5079101544?filter=1&page=44
http://weibo.cn/5079101544?filter=1&page=45
http://weibo.cn/5079101544?filter=1&page=46
http://weibo.cn/5079101544?filter=1&page=47
http://weibo.cn/5079101544?filter=1&page=48
http://weibo.cn/5079101544?filter=1&page=49
http://weibo.cn/5079101544?filter=1&page=50
http://weibo.cn/5079101544?filter=1&page=51
http://weibo.cn/5079101544?filter=1&page=52
http://weibo.cn/5079101544?filter=1&page=53
http://weibo.cn/5079101544?filter=1&page=54
http://weibo.cn/5079101544?filter=1&page=55
http://weibo.cn/5079101544?filter=1&page=56
http://weibo.cn/5079101544?filter=1&page=57
http://weibo.cn/5079101544?filter=1&page=58
http://weibo.cn/5079101544?filter=1&page=59
http://weibo.cn/5079101544?filter=1&page=60
http://weibo.cn/5079101544?filter=1&page=61
http://weibo.cn/5079101544?filter=1&page=62
http://weibo.cn/5079101544?filter=1&page=63
http://weibo.cn/5079101544?filter=1&page=64
http://weibo.cn/5079101544?filter=1&page=65
http://weibo.cn/5079101544?filter=1&page=66
http://weibo.cn/5079101544?filter=1&page=67
http://weibo.cn/5079101544?filter=1&page=68
http://weibo.cn/5079101544?filter=1&page=69
http://weibo.cn/5079101544?filter=1&page=70
http://weibo.cn/5079101544?filter=1&page=71
http://weibo.cn/5079101544?filter=1&page=72
http://weibo.cn/5079101544?filter=1&page=73
http://weibo.cn/5079101544?filter=1&page=74
http://weibo.cn/5079101544?filter=1&page=75
http://weibo.cn/5079101544?filter=1&page=76
http://weibo.cn/5079101544?filter=1&page=77
http://weibo.cn/5079101544?filter=1&page=78
http://weibo.cn/5079101544?filter=1&page=79
http://weibo.cn/5079101544?filter=1&page=80
http://weibo.cn/5079101544?filter=1&page=81
http://weibo.cn/5079101544?filter=1&page=82
http://weibo.cn/5079101544?filter=1&page=83
http://weibo.cn/5079101544?filter=1&page=84
http://weibo.cn/5079101544?filter=1&page=85
http://weibo.cn/5079101544?filter=1&page=86
http://weibo.cn/5079101544?filter=1&page=87
http://weibo.cn/5079101544?filter=1&page=88
http://weibo.cn/5079101544?filter=1&page=89
http://weibo.cn/5079101544?filter=1&page=90
http://weibo.cn/5079101544?filter=1&page=91
http://weibo.cn/5079101544?filter=1&page=92
http://weibo.cn/5079101544?filter=1&page=93
http://weibo.cn/5079101544?filter=1&page=94
http://weibo.cn/5079101544?filter=1&page=95
http://weibo.cn/5079101544?filter=1&page=96
http://weibo.cn/5079101544?filter=1&page=97
http://weibo.cn/5079101544?filter=1&page=98
http://weibo.cn/5079101544?filter=1&page=99
http://weibo.cn/5079101544?filter=1&page=100
http://weibo.cn/5079101544?filter=1&page=101
http://weibo.cn/5079101544?filter=1&page=102
http://weibo.cn/5079101544?filter=1&page=103
http://weibo.cn/5079101544?filter=1&page=104
http://weibo.cn/5079101544?filter=1&page=105
http://weibo.cn/5079101544?filter=1&page=106
http://weibo.cn/5079101544?filter=1&page=107
http://weibo.cn/5079101544?filter=1&page=108
http://weibo.cn/5079101544?filter=1&page=109
http://weibo.cn/5079101544?filter=1&page=110
http://weibo.cn/5079101544?filter=1&page=111
http://weibo.cn/5079101544?filter=1&page=112
http://weibo.cn/5079101544?filter=1&page=113
http://weibo.cn/5079101544?filter=1&page=114
http://weibo.cn/5079101544?filter=1&page=115
http://weibo.cn/5079101544?filter=1&page=116
http://weibo.cn/5079101544?filter=1&page=117
http://weibo.cn/5079101544?filter=1&page=118
http://weibo.cn/5079101544?filter=1&page=119
http://weibo.cn/5079101544?filter=1&page=120
http://weibo.cn/5079101544?filter=1&page=121
http://weibo.cn/5079101544?filter=1&page=122
http://weibo.cn/5079101544?filter=1&page=123
http://weibo.cn/5079101544?filter=1&page=124
http://weibo.cn/5079101544?filter=1&page=125
http://weibo.cn/5079101544?filter=1&page=126
http://weibo.cn/5079101544?filter=1&page=127
http://weibo.cn/5079101544?filter=1&page=128
http://weibo.cn/5079101544?filter=1&page=129
http://weibo.cn/5079101544?filter=1&page=130
http://weibo.cn/5079101544?filter=1&page=131
http://weibo.cn/5079101544?filter=1&page=132
http://weibo.cn/5079101544?filter=1&page=133
http://weibo.cn/5079101544?filter=1&page=134
http://weibo.cn/5079101544?filter=1&page=135
http://weibo.cn/5079101544?filter=1&page=136
http://weibo.cn/5079101544?filter=1&page=137
http://weibo.cn/5079101544?filter=1&page=138
http://weibo.cn/5079101544?filter=1&page=139
http://weibo.cn/5079101544?filter=1&page=140
http://weibo.cn/5079101544?filter=1&page=141
http://weibo.cn/5079101544?filter=1&page=142
http://weibo.cn/5079101544?filter=1&page=143
http://weibo.cn/5079101544?filter=1&page=144
http://weibo.cn/5079101544?filter=1&page=145
http://weibo.cn/5079101544?filter=1&page=146
http://weibo.cn/5079101544?filter=1&page=147
http://weibo.cn/5079101544?filter=1&page=148
http://weibo.cn/5079101544?filter=1&page=149
http://weibo.cn/5079101544?filter=1&page=150
http://weibo.cn/5079101544?filter=1&page=151
http://weibo.cn/5079101544?filter=1&page=152
5079101544 done
3272494307
begin
http://weibo.cn/3272494307?filter=1&page=
http://weibo.cn/3272494307?filter=1&page=1
http://weibo.cn/3272494307?filter=1&page=2
http://weibo.cn/3272494307?filter=1&page=3
http://weibo.cn/3272494307?filter=1&page=4
http://weibo.cn/3272494307?filter=1&page=5
http://weibo.cn/3272494307?filter=1&page=6
http://weibo.cn/3272494307?filter=1&page=7
http://weibo.cn/3272494307?filter=1&page=8
http://weibo.cn/3272494307?filter=1&page=9
http://weibo.cn/3272494307?filter=1&page=10
http://weibo.cn/3272494307?filter=1&page=11
http://weibo.cn/3272494307?filter=1&page=12
http://weibo.cn/3272494307?filter=1&page=13
http://weibo.cn/3272494307?filter=1&page=14
http://weibo.cn/3272494307?filter=1&page=15
http://weibo.cn/3272494307?filter=1&page=16
http://weibo.cn/3272494307?filter=1&page=17
http://weibo.cn/3272494307?filter=1&page=18
http://weibo.cn/3272494307?filter=1&page=19
http://weibo.cn/3272494307?filter=1&page=20
http://weibo.cn/3272494307?filter=1&page=21
http://weibo.cn/3272494307?filter=1&page=22
http://weibo.cn/3272494307?filter=1&page=23
http://weibo.cn/3272494307?filter=1&page=24
http://weibo.cn/3272494307?filter=1&page=25
http://weibo.cn/3272494307?filter=1&page=26
http://weibo.cn/3272494307?filter=1&page=27
http://weibo.cn/3272494307?filter=1&page=28
http://weibo.cn/3272494307?filter=1&page=29
http://weibo.cn/3272494307?filter=1&page=30
http://weibo.cn/3272494307?filter=1&page=31
http://weibo.cn/3272494307?filter=1&page=32
http://weibo.cn/3272494307?filter=1&page=33
http://weibo.cn/3272494307?filter=1&page=34
http://weibo.cn/3272494307?filter=1&page=35
http://weibo.cn/3272494307?filter=1&page=36
http://weibo.cn/3272494307?filter=1&page=37
http://weibo.cn/3272494307?filter=1&page=38
http://weibo.cn/3272494307?filter=1&page=39
http://weibo.cn/3272494307?filter=1&page=40
http://weibo.cn/3272494307?filter=1&page=41
http://weibo.cn/3272494307?filter=1&page=42
http://weibo.cn/3272494307?filter=1&page=43
http://weibo.cn/3272494307?filter=1&page=44
http://weibo.cn/3272494307?filter=1&page=45
http://weibo.cn/3272494307?filter=1&page=46
http://weibo.cn/3272494307?filter=1&page=47
http://weibo.cn/3272494307?filter=1&page=48
http://weibo.cn/3272494307?filter=1&page=49
http://weibo.cn/3272494307?filter=1&page=50
http://weibo.cn/3272494307?filter=1&page=51
http://weibo.cn/3272494307?filter=1&page=52
http://weibo.cn/3272494307?filter=1&page=53
http://weibo.cn/3272494307?filter=1&page=54
http://weibo.cn/3272494307?filter=1&page=55
http://weibo.cn/3272494307?filter=1&page=56
http://weibo.cn/3272494307?filter=1&page=57
http://weibo.cn/3272494307?filter=1&page=58
http://weibo.cn/3272494307?filter=1&page=59
http://weibo.cn/3272494307?filter=1&page=60
http://weibo.cn/3272494307?filter=1&page=61
http://weibo.cn/3272494307?filter=1&page=62
http://weibo.cn/3272494307?filter=1&page=63
http://weibo.cn/3272494307?filter=1&page=64
http://weibo.cn/3272494307?filter=1&page=65
http://weibo.cn/3272494307?filter=1&page=66
http://weibo.cn/3272494307?filter=1&page=67
http://weibo.cn/3272494307?filter=1&page=68
http://weibo.cn/3272494307?filter=1&page=69
http://weibo.cn/3272494307?filter=1&page=70
http://weibo.cn/3272494307?filter=1&page=71
http://weibo.cn/3272494307?filter=1&page=72
http://weibo.cn/3272494307?filter=1&page=73
http://weibo.cn/3272494307?filter=1&page=74
http://weibo.cn/3272494307?filter=1&page=75
http://weibo.cn/3272494307?filter=1&page=76
http://weibo.cn/3272494307?filter=1&page=77
http://weibo.cn/3272494307?filter=1&page=78
http://weibo.cn/3272494307?filter=1&page=79
http://weibo.cn/3272494307?filter=1&page=80
http://weibo.cn/3272494307?filter=1&page=81
http://weibo.cn/3272494307?filter=1&page=82
http://weibo.cn/3272494307?filter=1&page=83
http://weibo.cn/3272494307?filter=1&page=84
http://weibo.cn/3272494307?filter=1&page=85
http://weibo.cn/3272494307?filter=1&page=86
http://weibo.cn/3272494307?filter=1&page=87
http://weibo.cn/3272494307?filter=1&page=88
http://weibo.cn/3272494307?filter=1&page=89
http://weibo.cn/3272494307?filter=1&page=90
http://weibo.cn/3272494307?filter=1&page=91
http://weibo.cn/3272494307?filter=1&page=92
http://weibo.cn/3272494307?filter=1&page=93
http://weibo.cn/3272494307?filter=1&page=94
http://weibo.cn/3272494307?filter=1&page=95
http://weibo.cn/3272494307?filter=1&page=96
http://weibo.cn/3272494307?filter=1&page=97
http://weibo.cn/3272494307?filter=1&page=98
http://weibo.cn/3272494307?filter=1&page=99
http://weibo.cn/3272494307?filter=1&page=100
http://weibo.cn/3272494307?filter=1&page=101
http://weibo.cn/3272494307?filter=1&page=102
http://weibo.cn/3272494307?filter=1&page=103
http://weibo.cn/3272494307?filter=1&page=104
http://weibo.cn/3272494307?filter=1&page=105
http://weibo.cn/3272494307?filter=1&page=106
http://weibo.cn/3272494307?filter=1&page=107
http://weibo.cn/3272494307?filter=1&page=108
http://weibo.cn/3272494307?filter=1&page=109
http://weibo.cn/3272494307?filter=1&page=110
http://weibo.cn/3272494307?filter=1&page=111
http://weibo.cn/3272494307?filter=1&page=112
http://weibo.cn/3272494307?filter=1&page=113
http://weibo.cn/3272494307?filter=1&page=114
http://weibo.cn/3272494307?filter=1&page=115
http://weibo.cn/3272494307?filter=1&page=116
http://weibo.cn/3272494307?filter=1&page=117
http://weibo.cn/3272494307?filter=1&page=118
http://weibo.cn/3272494307?filter=1&page=119
http://weibo.cn/3272494307?filter=1&page=120
http://weibo.cn/3272494307?filter=1&page=121
http://weibo.cn/3272494307?filter=1&page=122
http://weibo.cn/3272494307?filter=1&page=123
http://weibo.cn/3272494307?filter=1&page=124
http://weibo.cn/3272494307?filter=1&page=125
http://weibo.cn/3272494307?filter=1&page=126
http://weibo.cn/3272494307?filter=1&page=127
http://weibo.cn/3272494307?filter=1&page=128
http://weibo.cn/3272494307?filter=1&page=129
http://weibo.cn/3272494307?filter=1&page=130
http://weibo.cn/3272494307?filter=1&page=131
http://weibo.cn/3272494307?filter=1&page=132
http://weibo.cn/3272494307?filter=1&page=133
http://weibo.cn/3272494307?filter=1&page=134
http://weibo.cn/3272494307?filter=1&page=135
http://weibo.cn/3272494307?filter=1&page=136
http://weibo.cn/3272494307?filter=1&page=137
http://weibo.cn/3272494307?filter=1&page=138
http://weibo.cn/3272494307?filter=1&page=139
http://weibo.cn/3272494307?filter=1&page=140
http://weibo.cn/3272494307?filter=1&page=141
http://weibo.cn/3272494307?filter=1&page=142
http://weibo.cn/3272494307?filter=1&page=143
http://weibo.cn/3272494307?filter=1&page=144
http://weibo.cn/3272494307?filter=1&page=145
http://weibo.cn/3272494307?filter=1&page=146
http://weibo.cn/3272494307?filter=1&page=147
http://weibo.cn/3272494307?filter=1&page=148
http://weibo.cn/3272494307?filter=1&page=149
http://weibo.cn/3272494307?filter=1&page=150
http://weibo.cn/3272494307?filter=1&page=151
http://weibo.cn/3272494307?filter=1&page=152
http://weibo.cn/3272494307?filter=1&page=153
http://weibo.cn/3272494307?filter=1&page=154
http://weibo.cn/3272494307?filter=1&page=155
http://weibo.cn/3272494307?filter=1&page=156
http://weibo.cn/3272494307?filter=1&page=157
http://weibo.cn/3272494307?filter=1&page=158
http://weibo.cn/3272494307?filter=1&page=159
http://weibo.cn/3272494307?filter=1&page=160
http://weibo.cn/3272494307?filter=1&page=161
http://weibo.cn/3272494307?filter=1&page=162
http://weibo.cn/3272494307?filter=1&page=163
http://weibo.cn/3272494307?filter=1&page=164
http://weibo.cn/3272494307?filter=1&page=165
http://weibo.cn/3272494307?filter=1&page=166
http://weibo.cn/3272494307?filter=1&page=167
http://weibo.cn/3272494307?filter=1&page=168
http://weibo.cn/3272494307?filter=1&page=169
http://weibo.cn/3272494307?filter=1&page=170
http://weibo.cn/3272494307?filter=1&page=171
http://weibo.cn/3272494307?filter=1&page=172
http://weibo.cn/3272494307?filter=1&page=173
http://weibo.cn/3272494307?filter=1&page=174
http://weibo.cn/3272494307?filter=1&page=175
http://weibo.cn/3272494307?filter=1&page=176
http://weibo.cn/3272494307?filter=1&page=177
http://weibo.cn/3272494307?filter=1&page=178
http://weibo.cn/3272494307?filter=1&page=179
http://weibo.cn/3272494307?filter=1&page=180
http://weibo.cn/3272494307?filter=1&page=181
http://weibo.cn/3272494307?filter=1&page=182
http://weibo.cn/3272494307?filter=1&page=183
http://weibo.cn/3272494307?filter=1&page=184
http://weibo.cn/3272494307?filter=1&page=185
http://weibo.cn/3272494307?filter=1&page=186
http://weibo.cn/3272494307?filter=1&page=187
3272494307 done
tcxw88
begin
http://weibo.cn/tcxw88?filter=1&page=
http://weibo.cn/tcxw88?filter=1&page=1
http://weibo.cn/tcxw88?filter=1&page=2
http://weibo.cn/tcxw88?filter=1&page=3
http://weibo.cn/tcxw88?filter=1&page=4
http://weibo.cn/tcxw88?filter=1&page=5
http://weibo.cn/tcxw88?filter=1&page=6
http://weibo.cn/tcxw88?filter=1&page=7
http://weibo.cn/tcxw88?filter=1&page=8
http://weibo.cn/tcxw88?filter=1&page=9
http://weibo.cn/tcxw88?filter=1&page=10
http://weibo.cn/tcxw88?filter=1&page=11
http://weibo.cn/tcxw88?filter=1&page=12
http://weibo.cn/tcxw88?filter=1&page=13
http://weibo.cn/tcxw88?filter=1&page=14
http://weibo.cn/tcxw88?filter=1&page=15
http://weibo.cn/tcxw88?filter=1&page=16
http://weibo.cn/tcxw88?filter=1&page=17
http://weibo.cn/tcxw88?filter=1&page=18
http://weibo.cn/tcxw88?filter=1&page=19
http://weibo.cn/tcxw88?filter=1&page=20
http://weibo.cn/tcxw88?filter=1&page=21
http://weibo.cn/tcxw88?filter=1&page=22
http://weibo.cn/tcxw88?filter=1&page=23
http://weibo.cn/tcxw88?filter=1&page=24
http://weibo.cn/tcxw88?filter=1&page=25
http://weibo.cn/tcxw88?filter=1&page=26
http://weibo.cn/tcxw88?filter=1&page=27
http://weibo.cn/tcxw88?filter=1&page=28
http://weibo.cn/tcxw88?filter=1&page=29
http://weibo.cn/tcxw88?filter=1&page=30
http://weibo.cn/tcxw88?filter=1&page=31
http://weibo.cn/tcxw88?filter=1&page=32
http://weibo.cn/tcxw88?filter=1&page=33
http://weibo.cn/tcxw88?filter=1&page=34
http://weibo.cn/tcxw88?filter=1&page=35
http://weibo.cn/tcxw88?filter=1&page=36
http://weibo.cn/tcxw88?filter=1&page=37
http://weibo.cn/tcxw88?filter=1&page=38
http://weibo.cn/tcxw88?filter=1&page=39
http://weibo.cn/tcxw88?filter=1&page=40
http://weibo.cn/tcxw88?filter=1&page=41
http://weibo.cn/tcxw88?filter=1&page=42
http://weibo.cn/tcxw88?filter=1&page=43
http://weibo.cn/tcxw88?filter=1&page=44
http://weibo.cn/tcxw88?filter=1&page=45
http://weibo.cn/tcxw88?filter=1&page=46
http://weibo.cn/tcxw88?filter=1&page=47
http://weibo.cn/tcxw88?filter=1&page=48
http://weibo.cn/tcxw88?filter=1&page=49
http://weibo.cn/tcxw88?filter=1&page=50
http://weibo.cn/tcxw88?filter=1&page=51
http://weibo.cn/tcxw88?filter=1&page=52
http://weibo.cn/tcxw88?filter=1&page=53
http://weibo.cn/tcxw88?filter=1&page=54
http://weibo.cn/tcxw88?filter=1&page=55
http://weibo.cn/tcxw88?filter=1&page=56
http://weibo.cn/tcxw88?filter=1&page=57
http://weibo.cn/tcxw88?filter=1&page=58
http://weibo.cn/tcxw88?filter=1&page=59
http://weibo.cn/tcxw88?filter=1&page=60
http://weibo.cn/tcxw88?filter=1&page=61
http://weibo.cn/tcxw88?filter=1&page=62
http://weibo.cn/tcxw88?filter=1&page=63
http://weibo.cn/tcxw88?filter=1&page=64
http://weibo.cn/tcxw88?filter=1&page=65
http://weibo.cn/tcxw88?filter=1&page=66
http://weibo.cn/tcxw88?filter=1&page=67
http://weibo.cn/tcxw88?filter=1&page=68
http://weibo.cn/tcxw88?filter=1&page=69
http://weibo.cn/tcxw88?filter=1&page=70
http://weibo.cn/tcxw88?filter=1&page=71
http://weibo.cn/tcxw88?filter=1&page=72
http://weibo.cn/tcxw88?filter=1&page=73
http://weibo.cn/tcxw88?filter=1&page=74
http://weibo.cn/tcxw88?filter=1&page=75
http://weibo.cn/tcxw88?filter=1&page=76
http://weibo.cn/tcxw88?filter=1&page=77
http://weibo.cn/tcxw88?filter=1&page=78
http://weibo.cn/tcxw88?filter=1&page=79
http://weibo.cn/tcxw88?filter=1&page=80
http://weibo.cn/tcxw88?filter=1&page=81
http://weibo.cn/tcxw88?filter=1&page=82
http://weibo.cn/tcxw88?filter=1&page=83
http://weibo.cn/tcxw88?filter=1&page=84
http://weibo.cn/tcxw88?filter=1&page=85
http://weibo.cn/tcxw88?filter=1&page=86
http://weibo.cn/tcxw88?filter=1&page=87
http://weibo.cn/tcxw88?filter=1&page=88
http://weibo.cn/tcxw88?filter=1&page=89
http://weibo.cn/tcxw88?filter=1&page=90
http://weibo.cn/tcxw88?filter=1&page=91
http://weibo.cn/tcxw88?filter=1&page=92
http://weibo.cn/tcxw88?filter=1&page=93
http://weibo.cn/tcxw88?filter=1&page=94
http://weibo.cn/tcxw88?filter=1&page=95
http://weibo.cn/tcxw88?filter=1&page=96
http://weibo.cn/tcxw88?filter=1&page=97
http://weibo.cn/tcxw88?filter=1&page=98
http://weibo.cn/tcxw88?filter=1&page=99
http://weibo.cn/tcxw88?filter=1&page=100
http://weibo.cn/tcxw88?filter=1&page=101
http://weibo.cn/tcxw88?filter=1&page=102
http://weibo.cn/tcxw88?filter=1&page=103
http://weibo.cn/tcxw88?filter=1&page=104
http://weibo.cn/tcxw88?filter=1&page=105
http://weibo.cn/tcxw88?filter=1&page=106
http://weibo.cn/tcxw88?filter=1&page=107
http://weibo.cn/tcxw88?filter=1&page=108
http://weibo.cn/tcxw88?filter=1&page=109
http://weibo.cn/tcxw88?filter=1&page=110
http://weibo.cn/tcxw88?filter=1&page=111
http://weibo.cn/tcxw88?filter=1&page=112
http://weibo.cn/tcxw88?filter=1&page=113
http://weibo.cn/tcxw88?filter=1&page=114
http://weibo.cn/tcxw88?filter=1&page=115
http://weibo.cn/tcxw88?filter=1&page=116
http://weibo.cn/tcxw88?filter=1&page=117
http://weibo.cn/tcxw88?filter=1&page=118
http://weibo.cn/tcxw88?filter=1&page=119
http://weibo.cn/tcxw88?filter=1&page=120
http://weibo.cn/tcxw88?filter=1&page=121
http://weibo.cn/tcxw88?filter=1&page=122
http://weibo.cn/tcxw88?filter=1&page=123
http://weibo.cn/tcxw88?filter=1&page=124
http://weibo.cn/tcxw88?filter=1&page=125
http://weibo.cn/tcxw88?filter=1&page=126
http://weibo.cn/tcxw88?filter=1&page=127
http://weibo.cn/tcxw88?filter=1&page=128
http://weibo.cn/tcxw88?filter=1&page=129
http://weibo.cn/tcxw88?filter=1&page=130
http://weibo.cn/tcxw88?filter=1&page=131
http://weibo.cn/tcxw88?filter=1&page=132
http://weibo.cn/tcxw88?filter=1&page=133
http://weibo.cn/tcxw88?filter=1&page=134
http://weibo.cn/tcxw88?filter=1&page=135
http://weibo.cn/tcxw88?filter=1&page=136
Traceback (most recent call last):
  File "crawler.py", line 87, in <module>
    main()
  File "crawler.py", line 16, in main
    r = getUserWeibo()
  File "crawler.py", line 35, in getUserWeibo
    pagenum = getPageNum(r)
  File "crawler.py", line 42, in getPageNum
    page = soup.find(id='pagelist').find(type='hidden')
AttributeError: 'NoneType' object has no attribute 'find'
5079101544
begin
http://weibo.cn/5079101544?filter=1&page=
http://weibo.cn/5079101544?filter=1&page=1
http://weibo.cn/5079101544?filter=1&page=2
http://weibo.cn/5079101544?filter=1&page=3
http://weibo.cn/5079101544?filter=1&page=4
http://weibo.cn/5079101544?filter=1&page=5
http://weibo.cn/5079101544?filter=1&page=6
http://weibo.cn/5079101544?filter=1&page=7
http://weibo.cn/5079101544?filter=1&page=8
http://weibo.cn/5079101544?filter=1&page=9
http://weibo.cn/5079101544?filter=1&page=10
http://weibo.cn/5079101544?filter=1&page=11
http://weibo.cn/5079101544?filter=1&page=12
http://weibo.cn/5079101544?filter=1&page=13
http://weibo.cn/5079101544?filter=1&page=14
http://weibo.cn/5079101544?filter=1&page=15
http://weibo.cn/5079101544?filter=1&page=16
http://weibo.cn/5079101544?filter=1&page=17
http://weibo.cn/5079101544?filter=1&page=18
http://weibo.cn/5079101544?filter=1&page=19
http://weibo.cn/5079101544?filter=1&page=20
http://weibo.cn/5079101544?filter=1&page=21
http://weibo.cn/5079101544?filter=1&page=22
http://weibo.cn/5079101544?filter=1&page=23
http://weibo.cn/5079101544?filter=1&page=24
http://weibo.cn/5079101544?filter=1&page=25
http://weibo.cn/5079101544?filter=1&page=26
http://weibo.cn/5079101544?filter=1&page=27
http://weibo.cn/5079101544?filter=1&page=28
http://weibo.cn/5079101544?filter=1&page=29
http://weibo.cn/5079101544?filter=1&page=30
http://weibo.cn/5079101544?filter=1&page=31
http://weibo.cn/5079101544?filter=1&page=32
http://weibo.cn/5079101544?filter=1&page=33
http://weibo.cn/5079101544?filter=1&page=34
http://weibo.cn/5079101544?filter=1&page=35
http://weibo.cn/5079101544?filter=1&page=36
http://weibo.cn/5079101544?filter=1&page=37
http://weibo.cn/5079101544?filter=1&page=38
http://weibo.cn/5079101544?filter=1&page=39
http://weibo.cn/5079101544?filter=1&page=40
http://weibo.cn/5079101544?filter=1&page=41
http://weibo.cn/5079101544?filter=1&page=42
http://weibo.cn/5079101544?filter=1&page=43
http://weibo.cn/5079101544?filter=1&page=44
http://weibo.cn/5079101544?filter=1&page=45
http://weibo.cn/5079101544?filter=1&page=46
http://weibo.cn/5079101544?filter=1&page=47
http://weibo.cn/5079101544?filter=1&page=48
http://weibo.cn/5079101544?filter=1&page=49
http://weibo.cn/5079101544?filter=1&page=50
http://weibo.cn/5079101544?filter=1&page=51
http://weibo.cn/5079101544?filter=1&page=52
http://weibo.cn/5079101544?filter=1&page=53
http://weibo.cn/5079101544?filter=1&page=54
http://weibo.cn/5079101544?filter=1&page=55
http://weibo.cn/5079101544?filter=1&page=56
http://weibo.cn/5079101544?filter=1&page=57
http://weibo.cn/5079101544?filter=1&page=58
http://weibo.cn/5079101544?filter=1&page=59
http://weibo.cn/5079101544?filter=1&page=60
http://weibo.cn/5079101544?filter=1&page=61
http://weibo.cn/5079101544?filter=1&page=62
http://weibo.cn/5079101544?filter=1&page=63
http://weibo.cn/5079101544?filter=1&page=64
http://weibo.cn/5079101544?filter=1&page=65
http://weibo.cn/5079101544?filter=1&page=66
http://weibo.cn/5079101544?filter=1&page=67
http://weibo.cn/5079101544?filter=1&page=68
http://weibo.cn/5079101544?filter=1&page=69
http://weibo.cn/5079101544?filter=1&page=70
http://weibo.cn/5079101544?filter=1&page=71
http://weibo.cn/5079101544?filter=1&page=72
http://weibo.cn/5079101544?filter=1&page=73
http://weibo.cn/5079101544?filter=1&page=74
http://weibo.cn/5079101544?filter=1&page=75
http://weibo.cn/5079101544?filter=1&page=76
http://weibo.cn/5079101544?filter=1&page=77
http://weibo.cn/5079101544?filter=1&page=78
http://weibo.cn/5079101544?filter=1&page=79
http://weibo.cn/5079101544?filter=1&page=80
http://weibo.cn/5079101544?filter=1&page=81
http://weibo.cn/5079101544?filter=1&page=82
http://weibo.cn/5079101544?filter=1&page=83
http://weibo.cn/5079101544?filter=1&page=84
http://weibo.cn/5079101544?filter=1&page=85
http://weibo.cn/5079101544?filter=1&page=86
http://weibo.cn/5079101544?filter=1&page=87
http://weibo.cn/5079101544?filter=1&page=88
http://weibo.cn/5079101544?filter=1&page=89
http://weibo.cn/5079101544?filter=1&page=90
http://weibo.cn/5079101544?filter=1&page=91
http://weibo.cn/5079101544?filter=1&page=92
http://weibo.cn/5079101544?filter=1&page=93
http://weibo.cn/5079101544?filter=1&page=94
http://weibo.cn/5079101544?filter=1&page=95
http://weibo.cn/5079101544?filter=1&page=96
http://weibo.cn/5079101544?filter=1&page=97
http://weibo.cn/5079101544?filter=1&page=98
http://weibo.cn/5079101544?filter=1&page=99
http://weibo.cn/5079101544?filter=1&page=100
http://weibo.cn/5079101544?filter=1&page=101
http://weibo.cn/5079101544?filter=1&page=102
http://weibo.cn/5079101544?filter=1&page=103
http://weibo.cn/5079101544?filter=1&page=104
http://weibo.cn/5079101544?filter=1&page=105
http://weibo.cn/5079101544?filter=1&page=106
http://weibo.cn/5079101544?filter=1&page=107
http://weibo.cn/5079101544?filter=1&page=108
http://weibo.cn/5079101544?filter=1&page=109
http://weibo.cn/5079101544?filter=1&page=110
http://weibo.cn/5079101544?filter=1&page=111
http://weibo.cn/5079101544?filter=1&page=112
http://weibo.cn/5079101544?filter=1&page=113
http://weibo.cn/5079101544?filter=1&page=114
http://weibo.cn/5079101544?filter=1&page=115
http://weibo.cn/5079101544?filter=1&page=116
http://weibo.cn/5079101544?filter=1&page=117
http://weibo.cn/5079101544?filter=1&page=118
http://weibo.cn/5079101544?filter=1&page=119
http://weibo.cn/5079101544?filter=1&page=120
http://weibo.cn/5079101544?filter=1&page=121
http://weibo.cn/5079101544?filter=1&page=122
http://weibo.cn/5079101544?filter=1&page=123
http://weibo.cn/5079101544?filter=1&page=124
http://weibo.cn/5079101544?filter=1&page=125
http://weibo.cn/5079101544?filter=1&page=126
http://weibo.cn/5079101544?filter=1&page=127
http://weibo.cn/5079101544?filter=1&page=128
http://weibo.cn/5079101544?filter=1&page=129
http://weibo.cn/5079101544?filter=1&page=130
http://weibo.cn/5079101544?filter=1&page=131
http://weibo.cn/5079101544?filter=1&page=132
http://weibo.cn/5079101544?filter=1&page=133
http://weibo.cn/5079101544?filter=1&page=134
http://weibo.cn/5079101544?filter=1&page=135
http://weibo.cn/5079101544?filter=1&page=136
http://weibo.cn/5079101544?filter=1&page=137
http://weibo.cn/5079101544?filter=1&page=138
http://weibo.cn/5079101544?filter=1&page=139
http://weibo.cn/5079101544?filter=1&page=140
http://weibo.cn/5079101544?filter=1&page=141
http://weibo.cn/5079101544?filter=1&page=142
http://weibo.cn/5079101544?filter=1&page=143
http://weibo.cn/5079101544?filter=1&page=144
http://weibo.cn/5079101544?filter=1&page=145
http://weibo.cn/5079101544?filter=1&page=146
http://weibo.cn/5079101544?filter=1&page=147
http://weibo.cn/5079101544?filter=1&page=148
http://weibo.cn/5079101544?filter=1&page=149
http://weibo.cn/5079101544?filter=1&page=150
http://weibo.cn/5079101544?filter=1&page=151
5079101544 done
3272494307
begin
http://weibo.cn/3272494307?filter=1&page=
http://weibo.cn/3272494307?filter=1&page=1
http://weibo.cn/3272494307?filter=1&page=2
http://weibo.cn/3272494307?filter=1&page=3
http://weibo.cn/3272494307?filter=1&page=4
http://weibo.cn/3272494307?filter=1&page=5
http://weibo.cn/3272494307?filter=1&page=6
http://weibo.cn/3272494307?filter=1&page=7
http://weibo.cn/3272494307?filter=1&page=8
http://weibo.cn/3272494307?filter=1&page=9
http://weibo.cn/3272494307?filter=1&page=10
http://weibo.cn/3272494307?filter=1&page=11
http://weibo.cn/3272494307?filter=1&page=12
http://weibo.cn/3272494307?filter=1&page=13
http://weibo.cn/3272494307?filter=1&page=14
http://weibo.cn/3272494307?filter=1&page=15
http://weibo.cn/3272494307?filter=1&page=16
http://weibo.cn/3272494307?filter=1&page=17
http://weibo.cn/3272494307?filter=1&page=18
http://weibo.cn/3272494307?filter=1&page=19
http://weibo.cn/3272494307?filter=1&page=20
http://weibo.cn/3272494307?filter=1&page=21
http://weibo.cn/3272494307?filter=1&page=22
http://weibo.cn/3272494307?filter=1&page=23
http://weibo.cn/3272494307?filter=1&page=24
http://weibo.cn/3272494307?filter=1&page=25
http://weibo.cn/3272494307?filter=1&page=26
http://weibo.cn/3272494307?filter=1&page=27
http://weibo.cn/3272494307?filter=1&page=28
http://weibo.cn/3272494307?filter=1&page=29
http://weibo.cn/3272494307?filter=1&page=30
http://weibo.cn/3272494307?filter=1&page=31
http://weibo.cn/3272494307?filter=1&page=32
http://weibo.cn/3272494307?filter=1&page=33
http://weibo.cn/3272494307?filter=1&page=34
http://weibo.cn/3272494307?filter=1&page=35
http://weibo.cn/3272494307?filter=1&page=36
http://weibo.cn/3272494307?filter=1&page=37
http://weibo.cn/3272494307?filter=1&page=38
http://weibo.cn/3272494307?filter=1&page=39
http://weibo.cn/3272494307?filter=1&page=40
http://weibo.cn/3272494307?filter=1&page=41
http://weibo.cn/3272494307?filter=1&page=42
http://weibo.cn/3272494307?filter=1&page=43
http://weibo.cn/3272494307?filter=1&page=44
http://weibo.cn/3272494307?filter=1&page=45
http://weibo.cn/3272494307?filter=1&page=46
http://weibo.cn/3272494307?filter=1&page=47
http://weibo.cn/3272494307?filter=1&page=48
http://weibo.cn/3272494307?filter=1&page=49
http://weibo.cn/3272494307?filter=1&page=50
http://weibo.cn/3272494307?filter=1&page=51
http://weibo.cn/3272494307?filter=1&page=52
http://weibo.cn/3272494307?filter=1&page=53
http://weibo.cn/3272494307?filter=1&page=54
http://weibo.cn/3272494307?filter=1&page=55
http://weibo.cn/3272494307?filter=1&page=56
http://weibo.cn/3272494307?filter=1&page=57
http://weibo.cn/3272494307?filter=1&page=58
http://weibo.cn/3272494307?filter=1&page=59
http://weibo.cn/3272494307?filter=1&page=60
http://weibo.cn/3272494307?filter=1&page=61
http://weibo.cn/3272494307?filter=1&page=62
http://weibo.cn/3272494307?filter=1&page=63
http://weibo.cn/3272494307?filter=1&page=64
http://weibo.cn/3272494307?filter=1&page=65
http://weibo.cn/3272494307?filter=1&page=66
http://weibo.cn/3272494307?filter=1&page=67
http://weibo.cn/3272494307?filter=1&page=68
http://weibo.cn/3272494307?filter=1&page=69
http://weibo.cn/3272494307?filter=1&page=70
http://weibo.cn/3272494307?filter=1&page=71
http://weibo.cn/3272494307?filter=1&page=72
http://weibo.cn/3272494307?filter=1&page=73
http://weibo.cn/3272494307?filter=1&page=74
http://weibo.cn/3272494307?filter=1&page=75
http://weibo.cn/3272494307?filter=1&page=76
http://weibo.cn/3272494307?filter=1&page=77
http://weibo.cn/3272494307?filter=1&page=78
http://weibo.cn/3272494307?filter=1&page=79
http://weibo.cn/3272494307?filter=1&page=80
http://weibo.cn/3272494307?filter=1&page=81
http://weibo.cn/3272494307?filter=1&page=82
http://weibo.cn/3272494307?filter=1&page=83
http://weibo.cn/3272494307?filter=1&page=84
http://weibo.cn/3272494307?filter=1&page=85
http://weibo.cn/3272494307?filter=1&page=86
http://weibo.cn/3272494307?filter=1&page=87
http://weibo.cn/3272494307?filter=1&page=88
http://weibo.cn/3272494307?filter=1&page=89
http://weibo.cn/3272494307?filter=1&page=90
http://weibo.cn/3272494307?filter=1&page=91
http://weibo.cn/3272494307?filter=1&page=92
http://weibo.cn/3272494307?filter=1&page=93
http://weibo.cn/3272494307?filter=1&page=94
http://weibo.cn/3272494307?filter=1&page=95
http://weibo.cn/3272494307?filter=1&page=96
http://weibo.cn/3272494307?filter=1&page=97
http://weibo.cn/3272494307?filter=1&page=98
http://weibo.cn/3272494307?filter=1&page=99
http://weibo.cn/3272494307?filter=1&page=100
http://weibo.cn/3272494307?filter=1&page=101
http://weibo.cn/3272494307?filter=1&page=102
http://weibo.cn/3272494307?filter=1&page=103
http://weibo.cn/3272494307?filter=1&page=104
http://weibo.cn/3272494307?filter=1&page=105
http://weibo.cn/3272494307?filter=1&page=106
http://weibo.cn/3272494307?filter=1&page=107
http://weibo.cn/3272494307?filter=1&page=108
http://weibo.cn/3272494307?filter=1&page=109
http://weibo.cn/3272494307?filter=1&page=110
http://weibo.cn/3272494307?filter=1&page=111
http://weibo.cn/3272494307?filter=1&page=112
http://weibo.cn/3272494307?filter=1&page=113
http://weibo.cn/3272494307?filter=1&page=114
http://weibo.cn/3272494307?filter=1&page=115
http://weibo.cn/3272494307?filter=1&page=116
http://weibo.cn/3272494307?filter=1&page=117
http://weibo.cn/3272494307?filter=1&page=118
http://weibo.cn/3272494307?filter=1&page=119
http://weibo.cn/3272494307?filter=1&page=120
http://weibo.cn/3272494307?filter=1&page=121
http://weibo.cn/3272494307?filter=1&page=122
http://weibo.cn/3272494307?filter=1&page=123
http://weibo.cn/3272494307?filter=1&page=124
http://weibo.cn/3272494307?filter=1&page=125
http://weibo.cn/3272494307?filter=1&page=126
http://weibo.cn/3272494307?filter=1&page=127
http://weibo.cn/3272494307?filter=1&page=128
http://weibo.cn/3272494307?filter=1&page=129
http://weibo.cn/3272494307?filter=1&page=130
http://weibo.cn/3272494307?filter=1&page=131
http://weibo.cn/3272494307?filter=1&page=132
http://weibo.cn/3272494307?filter=1&page=133
http://weibo.cn/3272494307?filter=1&page=134
http://weibo.cn/3272494307?filter=1&page=135
http://weibo.cn/3272494307?filter=1&page=136
http://weibo.cn/3272494307?filter=1&page=137
http://weibo.cn/3272494307?filter=1&page=138
http://weibo.cn/3272494307?filter=1&page=139
http://weibo.cn/3272494307?filter=1&page=140
http://weibo.cn/3272494307?filter=1&page=141
http://weibo.cn/3272494307?filter=1&page=142
http://weibo.cn/3272494307?filter=1&page=143
http://weibo.cn/3272494307?filter=1&page=144
http://weibo.cn/3272494307?filter=1&page=145
http://weibo.cn/3272494307?filter=1&page=146
http://weibo.cn/3272494307?filter=1&page=147
http://weibo.cn/3272494307?filter=1&page=148
http://weibo.cn/3272494307?filter=1&page=149
http://weibo.cn/3272494307?filter=1&page=150
http://weibo.cn/3272494307?filter=1&page=151
http://weibo.cn/3272494307?filter=1&page=152
http://weibo.cn/3272494307?filter=1&page=153
http://weibo.cn/3272494307?filter=1&page=154
http://weibo.cn/3272494307?filter=1&page=155
http://weibo.cn/3272494307?filter=1&page=156
http://weibo.cn/3272494307?filter=1&page=157
http://weibo.cn/3272494307?filter=1&page=158
http://weibo.cn/3272494307?filter=1&page=159
http://weibo.cn/3272494307?filter=1&page=160
http://weibo.cn/3272494307?filter=1&page=161
http://weibo.cn/3272494307?filter=1&page=162
http://weibo.cn/3272494307?filter=1&page=163
http://weibo.cn/3272494307?filter=1&page=164
http://weibo.cn/3272494307?filter=1&page=165
http://weibo.cn/3272494307?filter=1&page=166
http://weibo.cn/3272494307?filter=1&page=167
http://weibo.cn/3272494307?filter=1&page=168
http://weibo.cn/3272494307?filter=1&page=169
http://weibo.cn/3272494307?filter=1&page=170
http://weibo.cn/3272494307?filter=1&page=171
http://weibo.cn/3272494307?filter=1&page=172
http://weibo.cn/3272494307?filter=1&page=173
http://weibo.cn/3272494307?filter=1&page=174
http://weibo.cn/3272494307?filter=1&page=175
http://weibo.cn/3272494307?filter=1&page=176
http://weibo.cn/3272494307?filter=1&page=177
http://weibo.cn/3272494307?filter=1&page=178
http://weibo.cn/3272494307?filter=1&page=179
http://weibo.cn/3272494307?filter=1&page=180
http://weibo.cn/3272494307?filter=1&page=181
http://weibo.cn/3272494307?filter=1&page=182
http://weibo.cn/3272494307?filter=1&page=183
http://weibo.cn/3272494307?filter=1&page=184
http://weibo.cn/3272494307?filter=1&page=185
http://weibo.cn/3272494307?filter=1&page=186
http://weibo.cn/3272494307?filter=1&page=187
3272494307 done
tcxw88
begin
http://weibo.cn/tcxw88?filter=1&page=
http://weibo.cn/tcxw88?filter=1&page=1
http://weibo.cn/tcxw88?filter=1&page=2
http://weibo.cn/tcxw88?filter=1&page=3
http://weibo.cn/tcxw88?filter=1&page=4
http://weibo.cn/tcxw88?filter=1&page=5
http://weibo.cn/tcxw88?filter=1&page=6
http://weibo.cn/tcxw88?filter=1&page=7
http://weibo.cn/tcxw88?filter=1&page=8
http://weibo.cn/tcxw88?filter=1&page=9
http://weibo.cn/tcxw88?filter=1&page=10
http://weibo.cn/tcxw88?filter=1&page=11
http://weibo.cn/tcxw88?filter=1&page=12
http://weibo.cn/tcxw88?filter=1&page=13
http://weibo.cn/tcxw88?filter=1&page=14
http://weibo.cn/tcxw88?filter=1&page=15
http://weibo.cn/tcxw88?filter=1&page=16
http://weibo.cn/tcxw88?filter=1&page=17
http://weibo.cn/tcxw88?filter=1&page=18
http://weibo.cn/tcxw88?filter=1&page=19
http://weibo.cn/tcxw88?filter=1&page=20
http://weibo.cn/tcxw88?filter=1&page=21
http://weibo.cn/tcxw88?filter=1&page=22
http://weibo.cn/tcxw88?filter=1&page=23
http://weibo.cn/tcxw88?filter=1&page=24
http://weibo.cn/tcxw88?filter=1&page=25
http://weibo.cn/tcxw88?filter=1&page=26
http://weibo.cn/tcxw88?filter=1&page=27
http://weibo.cn/tcxw88?filter=1&page=28
http://weibo.cn/tcxw88?filter=1&page=29
http://weibo.cn/tcxw88?filter=1&page=30
http://weibo.cn/tcxw88?filter=1&page=31
http://weibo.cn/tcxw88?filter=1&page=32
http://weibo.cn/tcxw88?filter=1&page=33
http://weibo.cn/tcxw88?filter=1&page=34
http://weibo.cn/tcxw88?filter=1&page=35
http://weibo.cn/tcxw88?filter=1&page=36
http://weibo.cn/tcxw88?filter=1&page=37
http://weibo.cn/tcxw88?filter=1&page=38
http://weibo.cn/tcxw88?filter=1&page=39
http://weibo.cn/tcxw88?filter=1&page=40
http://weibo.cn/tcxw88?filter=1&page=41
http://weibo.cn/tcxw88?filter=1&page=42
http://weibo.cn/tcxw88?filter=1&page=43
http://weibo.cn/tcxw88?filter=1&page=44
http://weibo.cn/tcxw88?filter=1&page=45
http://weibo.cn/tcxw88?filter=1&page=46
http://weibo.cn/tcxw88?filter=1&page=47
http://weibo.cn/tcxw88?filter=1&page=48
http://weibo.cn/tcxw88?filter=1&page=49
http://weibo.cn/tcxw88?filter=1&page=50
http://weibo.cn/tcxw88?filter=1&page=51
http://weibo.cn/tcxw88?filter=1&page=52
http://weibo.cn/tcxw88?filter=1&page=53
http://weibo.cn/tcxw88?filter=1&page=54
http://weibo.cn/tcxw88?filter=1&page=55
http://weibo.cn/tcxw88?filter=1&page=56
http://weibo.cn/tcxw88?filter=1&page=57
http://weibo.cn/tcxw88?filter=1&page=58
http://weibo.cn/tcxw88?filter=1&page=59
http://weibo.cn/tcxw88?filter=1&page=60
http://weibo.cn/tcxw88?filter=1&page=61
http://weibo.cn/tcxw88?filter=1&page=62
http://weibo.cn/tcxw88?filter=1&page=63
http://weibo.cn/tcxw88?filter=1&page=64
http://weibo.cn/tcxw88?filter=1&page=65
http://weibo.cn/tcxw88?filter=1&page=66
http://weibo.cn/tcxw88?filter=1&page=67
http://weibo.cn/tcxw88?filter=1&page=68
http://weibo.cn/tcxw88?filter=1&page=69
http://weibo.cn/tcxw88?filter=1&page=70
http://weibo.cn/tcxw88?filter=1&page=71
http://weibo.cn/tcxw88?filter=1&page=72
http://weibo.cn/tcxw88?filter=1&page=73
http://weibo.cn/tcxw88?filter=1&page=74
http://weibo.cn/tcxw88?filter=1&page=75
http://weibo.cn/tcxw88?filter=1&page=76
http://weibo.cn/tcxw88?filter=1&page=77
http://weibo.cn/tcxw88?filter=1&page=78
http://weibo.cn/tcxw88?filter=1&page=79
http://weibo.cn/tcxw88?filter=1&page=80
http://weibo.cn/tcxw88?filter=1&page=81
http://weibo.cn/tcxw88?filter=1&page=82
http://weibo.cn/tcxw88?filter=1&page=83
http://weibo.cn/tcxw88?filter=1&page=84
http://weibo.cn/tcxw88?filter=1&page=85
http://weibo.cn/tcxw88?filter=1&page=86
http://weibo.cn/tcxw88?filter=1&page=87
http://weibo.cn/tcxw88?filter=1&page=88
http://weibo.cn/tcxw88?filter=1&page=89
http://weibo.cn/tcxw88?filter=1&page=90
http://weibo.cn/tcxw88?filter=1&page=91
http://weibo.cn/tcxw88?filter=1&page=92
http://weibo.cn/tcxw88?filter=1&page=93
http://weibo.cn/tcxw88?filter=1&page=94
http://weibo.cn/tcxw88?filter=1&page=95
http://weibo.cn/tcxw88?filter=1&page=96
http://weibo.cn/tcxw88?filter=1&page=97
http://weibo.cn/tcxw88?filter=1&page=98
http://weibo.cn/tcxw88?filter=1&page=99
http://weibo.cn/tcxw88?filter=1&page=100
http://weibo.cn/tcxw88?filter=1&page=101
http://weibo.cn/tcxw88?filter=1&page=102
http://weibo.cn/tcxw88?filter=1&page=103
http://weibo.cn/tcxw88?filter=1&page=104
http://weibo.cn/tcxw88?filter=1&page=105
http://weibo.cn/tcxw88?filter=1&page=106
http://weibo.cn/tcxw88?filter=1&page=107
http://weibo.cn/tcxw88?filter=1&page=108
http://weibo.cn/tcxw88?filter=1&page=109
http://weibo.cn/tcxw88?filter=1&page=110
http://weibo.cn/tcxw88?filter=1&page=111
http://weibo.cn/tcxw88?filter=1&page=112
http://weibo.cn/tcxw88?filter=1&page=113
http://weibo.cn/tcxw88?filter=1&page=114
http://weibo.cn/tcxw88?filter=1&page=115
http://weibo.cn/tcxw88?filter=1&page=116
http://weibo.cn/tcxw88?filter=1&page=117
http://weibo.cn/tcxw88?filter=1&page=118
http://weibo.cn/tcxw88?filter=1&page=119
http://weibo.cn/tcxw88?filter=1&page=120
http://weibo.cn/tcxw88?filter=1&page=121
http://weibo.cn/tcxw88?filter=1&page=122
http://weibo.cn/tcxw88?filter=1&page=123
http://weibo.cn/tcxw88?filter=1&page=124
http://weibo.cn/tcxw88?filter=1&page=125
http://weibo.cn/tcxw88?filter=1&page=126
http://weibo.cn/tcxw88?filter=1&page=127
http://weibo.cn/tcxw88?filter=1&page=128
http://weibo.cn/tcxw88?filter=1&page=129
http://weibo.cn/tcxw88?filter=1&page=130
http://weibo.cn/tcxw88?filter=1&page=131
http://weibo.cn/tcxw88?filter=1&page=132
http://weibo.cn/tcxw88?filter=1&page=133
http://weibo.cn/tcxw88?filter=1&page=134
http://weibo.cn/tcxw88?filter=1&page=135
http://weibo.cn/tcxw88?filter=1&page=136
http://weibo.cn/tcxw88?filter=1&page=137
http://weibo.cn/tcxw88?filter=1&page=138
http://weibo.cn/tcxw88?filter=1&page=139
http://weibo.cn/tcxw88?filter=1&page=140
http://weibo.cn/tcxw88?filter=1&page=141
http://weibo.cn/tcxw88?filter=1&page=142
http://weibo.cn/tcxw88?filter=1&page=143
http://weibo.cn/tcxw88?filter=1&page=144
http://weibo.cn/tcxw88?filter=1&page=145
http://weibo.cn/tcxw88?filter=1&page=146
http://weibo.cn/tcxw88?filter=1&page=147
http://weibo.cn/tcxw88?filter=1&page=148
http://weibo.cn/tcxw88?filter=1&page=149
tcxw88 done
5701730483
begin
http://weibo.cn/5701730483?filter=1&page=
http://weibo.cn/5701730483?filter=1&page=1
http://weibo.cn/5701730483?filter=1&page=2
http://weibo.cn/5701730483?filter=1&page=3
http://weibo.cn/5701730483?filter=1&page=4
http://weibo.cn/5701730483?filter=1&page=5
http://weibo.cn/5701730483?filter=1&page=6
http://weibo.cn/5701730483?filter=1&page=7
http://weibo.cn/5701730483?filter=1&page=8
http://weibo.cn/5701730483?filter=1&page=9
http://weibo.cn/5701730483?filter=1&page=10
http://weibo.cn/5701730483?filter=1&page=11
http://weibo.cn/5701730483?filter=1&page=12
http://weibo.cn/5701730483?filter=1&page=13
http://weibo.cn/5701730483?filter=1&page=14
http://weibo.cn/5701730483?filter=1&page=15
http://weibo.cn/5701730483?filter=1&page=16
http://weibo.cn/5701730483?filter=1&page=17
http://weibo.cn/5701730483?filter=1&page=18
http://weibo.cn/5701730483?filter=1&page=19
http://weibo.cn/5701730483?filter=1&page=20
http://weibo.cn/5701730483?filter=1&page=21
http://weibo.cn/5701730483?filter=1&page=22
http://weibo.cn/5701730483?filter=1&page=23
http://weibo.cn/5701730483?filter=1&page=24
http://weibo.cn/5701730483?filter=1&page=25
http://weibo.cn/5701730483?filter=1&page=26
http://weibo.cn/5701730483?filter=1&page=27
http://weibo.cn/5701730483?filter=1&page=28
http://weibo.cn/5701730483?filter=1&page=29
http://weibo.cn/5701730483?filter=1&page=30
http://weibo.cn/5701730483?filter=1&page=31
http://weibo.cn/5701730483?filter=1&page=32
http://weibo.cn/5701730483?filter=1&page=33
http://weibo.cn/5701730483?filter=1&page=34
http://weibo.cn/5701730483?filter=1&page=35
http://weibo.cn/5701730483?filter=1&page=36
http://weibo.cn/5701730483?filter=1&page=37
http://weibo.cn/5701730483?filter=1&page=38
http://weibo.cn/5701730483?filter=1&page=39
http://weibo.cn/5701730483?filter=1&page=40
http://weibo.cn/5701730483?filter=1&page=41
http://weibo.cn/5701730483?filter=1&page=42
http://weibo.cn/5701730483?filter=1&page=43
http://weibo.cn/5701730483?filter=1&page=44
http://weibo.cn/5701730483?filter=1&page=45
http://weibo.cn/5701730483?filter=1&page=46
5701730483 done
273017301
begin
http://weibo.cn/273017301?filter=1&page=
http://weibo.cn/273017301?filter=1&page=1
http://weibo.cn/273017301?filter=1&page=2
http://weibo.cn/273017301?filter=1&page=3
http://weibo.cn/273017301?filter=1&page=4
http://weibo.cn/273017301?filter=1&page=5
http://weibo.cn/273017301?filter=1&page=6
http://weibo.cn/273017301?filter=1&page=7
http://weibo.cn/273017301?filter=1&page=8
http://weibo.cn/273017301?filter=1&page=9
http://weibo.cn/273017301?filter=1&page=10
http://weibo.cn/273017301?filter=1&page=11
http://weibo.cn/273017301?filter=1&page=12
http://weibo.cn/273017301?filter=1&page=13
http://weibo.cn/273017301?filter=1&page=14
http://weibo.cn/273017301?filter=1&page=15
http://weibo.cn/273017301?filter=1&page=16
http://weibo.cn/273017301?filter=1&page=17
http://weibo.cn/273017301?filter=1&page=18
http://weibo.cn/273017301?filter=1&page=19
http://weibo.cn/273017301?filter=1&page=20
http://weibo.cn/273017301?filter=1&page=21
http://weibo.cn/273017301?filter=1&page=22
http://weibo.cn/273017301?filter=1&page=23
http://weibo.cn/273017301?filter=1&page=24
http://weibo.cn/273017301?filter=1&page=25
http://weibo.cn/273017301?filter=1&page=26
http://weibo.cn/273017301?filter=1&page=27
http://weibo.cn/273017301?filter=1&page=28
http://weibo.cn/273017301?filter=1&page=29
http://weibo.cn/273017301?filter=1&page=30
http://weibo.cn/273017301?filter=1&page=31
http://weibo.cn/273017301?filter=1&page=32
http://weibo.cn/273017301?filter=1&page=33
http://weibo.cn/273017301?filter=1&page=34
http://weibo.cn/273017301?filter=1&page=35
http://weibo.cn/273017301?filter=1&page=36
http://weibo.cn/273017301?filter=1&page=37
http://weibo.cn/273017301?filter=1&page=38
http://weibo.cn/273017301?filter=1&page=39
http://weibo.cn/273017301?filter=1&page=40
http://weibo.cn/273017301?filter=1&page=41
http://weibo.cn/273017301?filter=1&page=42
http://weibo.cn/273017301?filter=1&page=43
http://weibo.cn/273017301?filter=1&page=44
http://weibo.cn/273017301?filter=1&page=45
http://weibo.cn/273017301?filter=1&page=46
http://weibo.cn/273017301?filter=1&page=47
http://weibo.cn/273017301?filter=1&page=48
http://weibo.cn/273017301?filter=1&page=49
http://weibo.cn/273017301?filter=1&page=50
http://weibo.cn/273017301?filter=1&page=51
http://weibo.cn/273017301?filter=1&page=52
http://weibo.cn/273017301?filter=1&page=53
http://weibo.cn/273017301?filter=1&page=54
http://weibo.cn/273017301?filter=1&page=55
http://weibo.cn/273017301?filter=1&page=56
http://weibo.cn/273017301?filter=1&page=57
http://weibo.cn/273017301?filter=1&page=58
http://weibo.cn/273017301?filter=1&page=59
http://weibo.cn/273017301?filter=1&page=60
http://weibo.cn/273017301?filter=1&page=61
http://weibo.cn/273017301?filter=1&page=62
http://weibo.cn/273017301?filter=1&page=63
http://weibo.cn/273017301?filter=1&page=64
http://weibo.cn/273017301?filter=1&page=65
http://weibo.cn/273017301?filter=1&page=66
http://weibo.cn/273017301?filter=1&page=67
http://weibo.cn/273017301?filter=1&page=68
http://weibo.cn/273017301?filter=1&page=69
http://weibo.cn/273017301?filter=1&page=70
http://weibo.cn/273017301?filter=1&page=71
http://weibo.cn/273017301?filter=1&page=72
http://weibo.cn/273017301?filter=1&page=73
http://weibo.cn/273017301?filter=1&page=74
http://weibo.cn/273017301?filter=1&page=75
http://weibo.cn/273017301?filter=1&page=76
http://weibo.cn/273017301?filter=1&page=77
http://weibo.cn/273017301?filter=1&page=78
http://weibo.cn/273017301?filter=1&page=79
http://weibo.cn/273017301?filter=1&page=80
http://weibo.cn/273017301?filter=1&page=81
http://weibo.cn/273017301?filter=1&page=82
http://weibo.cn/273017301?filter=1&page=83
http://weibo.cn/273017301?filter=1&page=84
http://weibo.cn/273017301?filter=1&page=85
http://weibo.cn/273017301?filter=1&page=86
http://weibo.cn/273017301?filter=1&page=87
http://weibo.cn/273017301?filter=1&page=88
http://weibo.cn/273017301?filter=1&page=89
http://weibo.cn/273017301?filter=1&page=90
http://weibo.cn/273017301?filter=1&page=91
http://weibo.cn/273017301?filter=1&page=92
http://weibo.cn/273017301?filter=1&page=93
http://weibo.cn/273017301?filter=1&page=94
http://weibo.cn/273017301?filter=1&page=95
http://weibo.cn/273017301?filter=1&page=96
http://weibo.cn/273017301?filter=1&page=97
http://weibo.cn/273017301?filter=1&page=98
http://weibo.cn/273017301?filter=1&page=99
http://weibo.cn/273017301?filter=1&page=100
http://weibo.cn/273017301?filter=1&page=101
http://weibo.cn/273017301?filter=1&page=102
http://weibo.cn/273017301?filter=1&page=103
http://weibo.cn/273017301?filter=1&page=104
http://weibo.cn/273017301?filter=1&page=105
http://weibo.cn/273017301?filter=1&page=106
http://weibo.cn/273017301?filter=1&page=107
http://weibo.cn/273017301?filter=1&page=108
http://weibo.cn/273017301?filter=1&page=109
http://weibo.cn/273017301?filter=1&page=110
http://weibo.cn/273017301?filter=1&page=111
http://weibo.cn/273017301?filter=1&page=112
273017301 done
